TN:
SF:src\App.js
FN:25,App
FN:36,(anonymous_1)
FN:37,(anonymous_2)
FN:45,(anonymous_3)
FN:49,(anonymous_4)
FN:54,(anonymous_5)
FN:55,(anonymous_6)
FN:69,(anonymous_7)
FN:77,(anonymous_8)
FN:80,(anonymous_9)
FN:183,(anonymous_10)
FN:190,(anonymous_11)
FNF:12
FNH:10
FNDA:2,App
FNDA:1,(anonymous_1)
FNDA:1,(anonymous_2)
FNDA:1,(anonymous_3)
FNDA:1,(anonymous_4)
FNDA:1,(anonymous_5)
FNDA:1,(anonymous_6)
FNDA:1,(anonymous_7)
FNDA:1,(anonymous_8)
FNDA:0,(anonymous_9)
FNDA:2,(anonymous_10)
FNDA:0,(anonymous_11)
DA:26,2
DA:27,1
DA:28,1
DA:29,1
DA:36,1
DA:37,1
DA:38,1
DA:39,1
DA:40,1
DA:43,1
DA:44,1
DA:45,1
DA:49,1
DA:50,1
DA:54,1
DA:55,1
DA:56,1
DA:57,1
DA:58,0
DA:59,0
DA:60,0
DA:63,0
DA:67,1
DA:68,1
DA:69,1
DA:72,1
DA:77,1
DA:78,1
DA:80,1
DA:81,0
DA:82,0
DA:83,0
DA:85,0
DA:91,0
DA:96,1
DA:184,2
DA:185,2
DA:186,2
DA:191,0
DA:192,0
LF:40
LH:29
BRDA:40,0,0,1
BRDA:40,0,1,1
BRDA:58,1,0,0
BRDA:58,1,1,0
BRDA:77,2,0,1
BRDA:77,2,1,0
BRDA:81,3,0,0
BRDA:81,3,1,0
BRDA:81,4,0,0
BRDA:81,4,1,0
BRDA:92,5,0,0
BRDA:92,5,1,0
BRDA:92,6,0,0
BRDA:92,6,1,0
BRDA:99,7,0,1
BRDA:99,7,1,0
BRDA:100,8,0,0
BRDA:100,8,1,0
BRDA:104,9,0,0
BRDA:104,9,1,1
BRDA:108,10,0,0
BRDA:108,10,1,1
BRDA:109,11,0,0
BRDA:109,11,1,1
BRDA:111,12,0,1
BRDA:111,12,1,0
BRDA:112,13,0,1
BRDA:112,13,1,0
BRDA:121,14,0,1
BRDA:121,14,1,0
BRDA:122,15,0,0
BRDA:122,15,1,0
BRDA:144,16,0,1
BRDA:144,16,1,0
BRDA:154,17,0,1
BRDA:154,17,1,0
BRDA:161,18,0,1
BRDA:161,18,1,0
BRDA:162,19,0,0
BRDA:162,19,1,0
BRDA:167,20,0,1
BRDA:167,20,1,1
BRDA:170,21,0,1
BRDA:170,21,1,0
BRDA:171,22,0,0
BRDA:171,22,1,0
BRDA:181,23,0,1
BRDA:181,23,1,1
BRDA:189,24,0,1
BRDA:189,24,1,1
BRDA:189,25,0,1
BRDA:189,25,1,0
BRDA:196,26,0,2
BRDA:196,26,1,1
BRDA:196,26,2,1
BRDA:217,27,0,1
BRDA:217,27,1,1
BRDA:221,28,0,1
BRDA:221,28,1,0
BRDA:231,29,0,0
BRDA:231,29,1,0
BRDA:264,30,0,1
BRDA:264,30,1,0
BRDA:266,31,0,1
BRDA:266,31,1,1
BRDA:269,32,0,1
BRDA:269,32,1,0
BRDA:270,33,0,0
BRDA:270,33,1,0
BRDA:282,34,0,1
BRDA:282,34,1,0
BRDA:283,35,0,0
BRDA:283,35,1,0
BRDA:289,36,0,0
BRDA:289,36,1,1
BRDA:299,37,0,0
BRDA:299,37,1,1
BRDA:315,38,0,1
BRDA:315,38,1,0
BRDA:325,39,0,1
BRDA:325,39,1,1
BRDA:328,40,0,1
BRDA:328,40,1,0
BRDA:329,41,0,0
BRDA:329,41,1,0
BRDA:337,42,0,1
BRDA:337,42,1,0
BRDA:338,43,0,0
BRDA:338,43,1,0
BRDA:346,44,0,1
BRDA:346,44,1,0
BRDA:350,45,0,1
BRDA:350,45,1,0
BRDA:351,46,0,0
BRDA:351,46,1,0
BRDA:366,47,0,1
BRDA:366,47,1,0
BRDA:367,48,0,0
BRDA:367,48,1,0
BRDA:379,49,0,1
BRDA:379,49,1,0
BRDA:380,50,0,0
BRDA:380,50,1,0
BRF:103
BRH:43
end_of_record
TN:
SF:src\index.js
FNF:0
FNH:0
DA:6,0
DA:7,0
LF:2
LH:0
BRF:0
BRH:0
end_of_record
TN:
SF:src\components\Dashboard.js
FN:25,(anonymous_0)
FN:31,(anonymous_1)
FN:32,(anonymous_2)
FN:68,(anonymous_3)
FN:71,(anonymous_4)
FN:72,(anonymous_5)
FN:73,(anonymous_6)
FN:83,(anonymous_7)
FN:141,(anonymous_8)
FN:157,(anonymous_9)
FN:170,(anonymous_10)
FN:176,(anonymous_11)
FN:184,(anonymous_12)
FN:309,(anonymous_13)
FN:309,(anonymous_14)
FN:309,(anonymous_15)
FN:320,(anonymous_16)
FN:322,(anonymous_17)
FN:335,(anonymous_18)
FN:346,(anonymous_19)
FN:346,(anonymous_20)
FN:347,(anonymous_21)
FN:347,(anonymous_22)
FNF:23
FNH:0
FNDA:0,(anonymous_0)
FNDA:0,(anonymous_1)
FNDA:0,(anonymous_2)
FNDA:0,(anonymous_3)
FNDA:0,(anonymous_4)
FNDA:0,(anonymous_5)
FNDA:0,(anonymous_6)
FNDA:0,(anonymous_7)
FNDA:0,(anonymous_8)
FNDA:0,(anonymous_9)
FNDA:0,(anonymous_10)
FNDA:0,(anonymous_11)
FNDA:0,(anonymous_12)
FNDA:0,(anonymous_13)
FNDA:0,(anonymous_14)
FNDA:0,(anonymous_15)
FNDA:0,(anonymous_16)
FNDA:0,(anonymous_17)
FNDA:0,(anonymous_18)
FNDA:0,(anonymous_19)
FNDA:0,(anonymous_20)
FNDA:0,(anonymous_21)
FNDA:0,(anonymous_22)
DA:25,1
DA:26,0
DA:27,0
DA:28,0
DA:31,0
DA:32,0
DA:33,0
DA:34,0
DA:36,0
DA:37,0
DA:38,0
DA:39,0
DA:42,0
DA:43,0
DA:44,0
DA:45,0
DA:47,0
DA:48,0
DA:50,0
DA:61,0
DA:64,0
DA:68,0
DA:69,0
DA:71,0
DA:72,0
DA:73,0
DA:74,0
DA:80,0
DA:83,0
DA:90,0
DA:94,0
DA:96,0
DA:106,0
DA:111,0
DA:141,0
DA:157,0
DA:170,0
DA:176,0
DA:184,0
DA:309,0
DA:321,0
DA:323,0
DA:335,0
DA:346,0
DA:347,0
LF:45
LH:1
BRDA:36,0,0,0
BRDA:36,0,1,0
BRDA:36,1,0,0
BRDA:36,1,1,0
BRDA:37,2,0,0
BRDA:37,2,1,0
BRDA:37,3,0,0
BRDA:37,3,1,0
BRDA:43,4,0,0
BRDA:43,4,1,0
BRDA:43,5,0,0
BRDA:43,5,1,0
BRDA:43,6,0,0
BRDA:43,6,1,0
BRDA:43,7,0,0
BRDA:43,7,1,0
BRDA:44,8,0,0
BRDA:44,8,1,0
BRDA:44,9,0,0
BRDA:44,9,1,0
BRDA:55,10,0,0
BRDA:55,10,1,0
BRDA:55,11,0,0
BRDA:55,11,1,0
BRDA:57,12,0,0
BRDA:57,12,1,0
BRDA:69,13,0,0
BRDA:69,13,1,0
BRDA:69,13,2,0
BRDA:73,14,0,0
BRDA:73,14,1,0
BRDA:90,15,0,0
BRDA:90,15,1,0
BRDA:124,16,0,0
BRDA:124,16,1,0
BRDA:131,17,0,0
BRDA:131,17,1,0
BRDA:133,18,0,0
BRDA:133,18,1,0
BRDA:167,19,0,0
BRDA:167,19,1,0
BRDA:170,20,0,0
BRDA:170,20,1,0
BRDA:180,21,0,0
BRDA:180,21,1,0
BRDA:206,22,0,0
BRDA:206,22,1,0
BRDA:207,23,0,0
BRDA:207,23,1,0
BRDA:208,24,0,0
BRDA:208,24,1,0
BRDA:216,25,0,0
BRDA:216,25,1,0
BRDA:218,26,0,0
BRDA:218,26,1,0
BRDA:222,27,0,0
BRDA:222,27,1,0
BRDA:224,28,0,0
BRDA:224,28,1,0
BRDA:226,29,0,0
BRDA:226,29,1,0
BRDA:246,30,0,0
BRDA:246,30,1,0
BRDA:249,31,0,0
BRDA:249,31,1,0
BRDA:250,32,0,0
BRDA:250,32,1,0
BRDA:267,33,0,0
BRDA:267,33,1,0
BRDA:273,34,0,0
BRDA:273,34,1,0
BRDA:279,35,0,0
BRDA:279,35,1,0
BRDA:303,36,0,0
BRDA:303,36,1,0
BRDA:320,37,0,0
BRDA:320,37,1,0
BRDA:321,38,0,0
BRDA:321,38,1,0
BRDA:322,39,0,0
BRDA:322,39,1,0
BRDA:323,40,0,0
BRDA:323,40,1,0
BRDA:346,41,0,0
BRDA:346,41,1,0
BRF:85
BRH:0
end_of_record
TN:
SF:src\components\EnergyPredictor.js
FN:23,(anonymous_0)
FN:49,(anonymous_1)
FN:50,(anonymous_2)
FN:77,(anonymous_3)
FN:79,(anonymous_4)
FN:87,(anonymous_5)
FN:103,(anonymous_6)
FN:110,(anonymous_7)
FN:200,(anonymous_8)
FN:206,(anonymous_9)
FN:228,(anonymous_10)
FN:228,(anonymous_11)
FN:243,(anonymous_12)
FN:243,(anonymous_13)
FN:253,(anonymous_14)
FN:259,(anonymous_15)
FN:259,(anonymous_16)
FN:310,(anonymous_17)
FN:339,(anonymous_18)
FN:339,(anonymous_19)
FN:347,(anonymous_20)
FN:347,(anonymous_21)
FN:355,(anonymous_22)
FN:355,(anonymous_23)
FN:392,(anonymous_24)
FN:392,(anonymous_25)
FN:407,(anonymous_26)
FN:407,(anonymous_27)
FN:417,(anonymous_28)
FN:423,(anonymous_29)
FN:423,(anonymous_30)
FNF:31
FNH:4
FNDA:1,(anonymous_0)
FNDA:0,(anonymous_1)
FNDA:0,(anonymous_2)
FNDA:0,(anonymous_3)
FNDA:0,(anonymous_4)
FNDA:0,(anonymous_5)
FNDA:1,(anonymous_6)
FNDA:1,(anonymous_7)
FNDA:0,(anonymous_8)
FNDA:0,(anonymous_9)
FNDA:0,(anonymous_10)
FNDA:0,(anonymous_11)
FNDA:0,(anonymous_12)
FNDA:0,(anonymous_13)
FNDA:0,(anonymous_14)
FNDA:0,(anonymous_15)
FNDA:0,(anonymous_16)
FNDA:0,(anonymous_17)
FNDA:0,(anonymous_18)
FNDA:0,(anonymous_19)
FNDA:0,(anonymous_20)
FNDA:0,(anonymous_21)
FNDA:0,(anonymous_22)
FNDA:0,(anonymous_23)
FNDA:0,(anonymous_24)
FNDA:0,(anonymous_25)
FNDA:0,(anonymous_26)
FNDA:0,(anonymous_27)
FNDA:7,(anonymous_28)
FNDA:0,(anonymous_29)
FNDA:0,(anonymous_30)
DA:23,1
DA:24,1
DA:33,1
DA:34,1
DA:35,1
DA:36,1
DA:39,1
DA:46,1
DA:49,1
DA:50,0
DA:52,0
DA:53,0
DA:54,0
DA:56,0
DA:57,0
DA:58,0
DA:59,0
DA:61,0
DA:62,0
DA:64,0
DA:77,1
DA:78,0
DA:79,0
DA:80,0
DA:81,0
DA:87,1
DA:88,0
DA:89,0
DA:90,0
DA:92,0
DA:93,0
DA:94,0
DA:95,0
DA:97,0
DA:99,0
DA:103,1
DA:104,1
DA:105,1
DA:106,1
DA:107,0
DA:110,1
DA:111,1
DA:112,1
DA:113,1
DA:114,0
DA:117,1
DA:201,0
DA:206,0
DA:228,0
DA:243,0
DA:254,0
DA:259,0
DA:310,0
DA:339,0
DA:347,0
DA:355,0
DA:392,0
DA:407,0
DA:418,7
DA:423,0
LF:60
LH:21
BRDA:53,0,0,0
BRDA:53,0,1,0
BRDA:53,1,0,0
BRDA:53,1,1,0
BRDA:53,2,0,0
BRDA:53,2,1,0
BRDA:53,3,0,0
BRDA:53,3,1,0
BRDA:54,4,0,0
BRDA:54,4,1,0
BRDA:55,5,0,0
BRDA:55,5,1,0
BRDA:56,6,0,0
BRDA:56,6,1,0
BRDA:78,7,0,0
BRDA:78,7,1,0
BRDA:78,8,0,0
BRDA:78,8,1,0
BRDA:104,9,0,0
BRDA:104,9,1,1
BRDA:104,10,0,1
BRDA:104,10,1,1
BRDA:105,11,0,0
BRDA:105,11,1,1
BRDA:105,12,0,1
BRDA:105,12,1,1
BRDA:106,13,0,1
BRDA:106,13,1,0
BRDA:106,14,0,1
BRDA:106,14,1,1
BRDA:111,15,0,0
BRDA:111,15,1,1
BRDA:112,16,0,0
BRDA:112,16,1,1
BRDA:113,17,0,1
BRDA:113,17,1,0
BRDA:136,18,0,0
BRDA:136,18,1,1
BRDA:141,19,0,0
BRDA:141,19,1,1
BRDA:145,20,0,0
BRDA:145,20,1,0
BRDA:152,21,0,0
BRDA:152,21,1,0
BRDA:168,22,0,0
BRDA:168,22,1,0
BRDA:188,23,0,0
BRDA:188,23,1,0
BRDA:257,24,0,0
BRDA:257,24,1,0
BRDA:273,25,0,0
BRDA:273,25,1,0
BRDA:279,26,0,0
BRDA:279,26,1,0
BRDA:318,27,0,0
BRDA:318,27,1,0
BRDA:326,28,0,0
BRDA:326,28,1,0
BRDA:370,29,0,1
BRDA:370,29,1,0
BRDA:421,30,0,1
BRDA:421,30,1,6
BRDA:436,31,0,1
BRDA:436,31,1,0
BRDA:442,32,0,0
BRDA:442,32,1,1
BRDA:475,33,0,1
BRDA:475,33,1,0
BRDA:482,34,0,0
BRDA:482,34,1,0
BRDA:506,35,0,1
BRDA:506,35,1,0
BRF:72
BRH:21
end_of_record
TN:
SF:src\components\MobileNav.js
FN:5,(anonymous_0)
FN:19,(anonymous_1)
FN:26,(anonymous_2)
FNF:3
FNH:0
FNDA:0,(anonymous_0)
FNDA:0,(anonymous_1)
FNDA:0,(anonymous_2)
DA:5,1
DA:6,0
DA:20,0
DA:21,0
DA:23,0
DA:27,0
DA:28,0
LF:7
LH:1
BRDA:10,0,0,0
BRDA:10,0,1,0
BRDA:11,1,0,0
BRDA:11,1,1,0
BRDA:32,2,0,0
BRDA:32,2,1,0
BRDA:33,3,0,0
BRDA:33,3,1,0
BRDA:34,4,0,0
BRDA:34,4,1,0
BRDA:37,5,0,0
BRDA:37,5,1,0
BRDA:38,6,0,0
BRDA:38,6,1,0
BRDA:46,7,0,0
BRDA:46,7,1,0
BRDA:46,7,2,0
BRDA:58,8,0,0
BRDA:58,8,1,0
BRDA:63,9,0,0
BRDA:63,9,1,0
BRDA:63,9,2,0
BRDA:67,10,0,0
BRDA:67,10,1,0
BRDA:67,10,2,0
BRDA:81,11,0,0
BRDA:81,11,1,0
BRDA:81,11,2,0
BRDA:87,12,0,0
BRDA:87,12,1,0
BRDA:91,13,0,0
BRDA:91,13,1,0
BRDA:92,14,0,0
BRDA:92,14,1,0
BRDA:109,15,0,0
BRDA:109,15,1,0
BRDA:111,16,0,0
BRDA:111,16,1,0
BRF:38
BRH:0
end_of_record
TN:
SF:src\components\ui\button.js
FN:42,(anonymous_0)
FN:55,(anonymous_1)
FNF:2
FNH:1
FNDA:11,(anonymous_0)
FNDA:0,(anonymous_1)
DA:7,1
DA:42,1
DA:53,11
DA:55,11
DA:56,0
DA:57,0
DA:61,11
DA:71,11
DA:73,11
DA:83,1
LF:10
LH:8
BRDA:46,0,0,11
BRDA:47,1,0,10
BRDA:48,2,0,11
BRDA:53,3,0,0
BRDA:53,3,1,11
BRDA:57,4,0,0
BRDA:57,4,1,0
BRDA:71,5,0,0
BRDA:71,5,1,11
BRF:9
BRH:5
end_of_record
TN:
SF:src\components\ui\card.js
FN:5,(anonymous_0)
FN:47,(anonymous_1)
FN:56,(anonymous_2)
FN:68,(anonymous_3)
FN:77,(anonymous_4)
FN:82,(anonymous_5)
FNF:6
FNH:4
FNDA:2,(anonymous_0)
FNDA:2,(anonymous_1)
FNDA:2,(anonymous_2)
FNDA:0,(anonymous_3)
FNDA:2,(anonymous_4)
FNDA:0,(anonymous_5)
DA:5,1
DA:13,2
DA:22,2
DA:31,2
DA:33,2
DA:45,1
DA:47,1
DA:48,2
DA:54,1
DA:56,1
DA:57,2
DA:66,1
DA:68,1
DA:69,0
DA:75,1
DA:77,1
DA:78,2
DA:80,1
DA:82,1
DA:83,0
DA:89,1
LF:21
LH:19
BRDA:7,0,0,0
BRDA:8,1,0,2
BRDA:9,2,0,2
BRDA:31,3,0,0
BRDA:31,3,1,2
BRDA:38,4,0,2
BRDA:38,4,1,0
BRF:7
BRH:4
end_of_record
TN:
SF:src\components\ui\slider.js
FN:6,(anonymous_0)
FN:23,(anonymous_1)
FNF:2
FNH:1
FNDA:2,(anonymous_0)
FNDA:0,(anonymous_1)
DA:6,1
DA:15,2
DA:17,2
DA:23,2
DA:24,0
DA:25,0
DA:26,0
DA:29,2
DA:74,1
LF:9
LH:6
BRDA:8,0,0,2
BRDA:9,1,0,2
BRDA:10,2,0,2
BRDA:12,3,0,0
BRDA:15,4,0,2
BRDA:15,4,1,0
BRDA:15,4,2,0
BRDA:25,5,0,0
BRDA:25,5,1,0
BRDA:26,6,0,0
BRDA:26,6,1,0
BRDA:31,7,0,2
BRDA:31,7,1,2
BRDA:36,8,0,2
BRDA:36,8,1,2
BRDA:68,9,0,2
BRDA:68,9,1,1
BRDA:69,10,0,2
BRDA:69,10,1,0
BRF:19
BRH:11
end_of_record
TN:
SF:src\lib\utils.js
FN:4,cn
FN:9,(anonymous_1)
FN:28,(anonymous_2)
FN:33,(anonymous_3)
FN:39,(anonymous_4)
FNF:5
FNH:2
FNDA:42,cn
FNDA:0,(anonymous_1)
FNDA:1,(anonymous_2)
FNDA:0,(anonymous_3)
FNDA:0,(anonymous_4)
DA:5,42
DA:9,1
DA:10,0
DA:11,0
DA:13,0
DA:14,0
DA:16,0
DA:17,0
DA:19,0
DA:20,0
DA:22,0
DA:28,1
DA:29,1
DA:30,1
DA:33,1
DA:34,0
DA:35,0
DA:39,1
DA:40,0
DA:42,0
DA:44,0
DA:46,0
DA:51,1
DA:57,1
DA:62,1
DA:67,1
LF:26
LH:11
BRDA:9,0,0,0
BRDA:10,1,0,0
BRDA:10,1,1,0
BRDA:10,2,0,0
BRDA:10,2,1,0
BRDA:11,3,0,0
BRDA:11,3,1,0
BRDA:11,3,2,0
BRDA:11,3,3,0
BRDA:29,4,0,0
BRDA:29,4,1,1
BRDA:34,5,0,0
BRDA:34,5,1,0
BRDA:35,6,0,0
BRDA:35,6,1,0
BRDA:39,7,0,0
BRDA:40,8,0,0
BRDA:40,8,1,0
BRDA:40,8,2,0
BRF:19
BRH:1
end_of_record
