TN:
SF:src\App.js
FN:25,App
FN:36,(anonymous_1)
FN:37,(anonymous_2)
FN:45,(anonymous_3)
FN:49,(anonymous_4)
FN:54,(anonymous_5)
FN:55,(anonymous_6)
FN:81,(anonymous_7)
FN:89,(anonymous_8)
FN:92,(anonymous_9)
FN:195,(anonymous_10)
FN:202,(anonymous_11)
FNF:12
FNH:10
FNDA:1,App
FNDA:1,(anonymous_1)
FNDA:1,(anonymous_2)
FNDA:1,(anonymous_3)
FNDA:1,(anonymous_4)
FNDA:1,(anonymous_5)
FNDA:1,(anonymous_6)
FNDA:1,(anonymous_7)
FNDA:1,(anonymous_8)
FNDA:0,(anonymous_9)
FNDA:2,(anonymous_10)
FNDA:0,(anonymous_11)
DA:26,1
DA:27,1
DA:28,1
DA:29,1
DA:36,1
DA:37,1
DA:38,1
DA:39,1
DA:40,1
DA:43,1
DA:44,1
DA:45,1
DA:49,1
DA:50,1
DA:54,1
DA:55,1
DA:56,1
DA:58,1
DA:59,0
DA:60,0
DA:61,0
DA:70,0
DA:71,0
DA:79,1
DA:80,1
DA:81,1
DA:84,1
DA:89,1
DA:90,1
DA:92,1
DA:93,0
DA:94,0
DA:95,0
DA:97,0
DA:103,0
DA:108,1
DA:196,2
DA:197,2
DA:198,2
DA:203,0
DA:204,0
LF:41
LH:29
BRDA:40,0,0,1
BRDA:40,0,1,1
BRDA:59,1,0,0
BRDA:59,1,1,0
BRDA:62,2,0,0
BRDA:62,2,1,0
BRDA:63,3,0,0
BRDA:63,3,1,0
BRDA:89,4,0,1
BRDA:89,4,1,0
BRDA:93,5,0,0
BRDA:93,5,1,0
BRDA:93,6,0,0
BRDA:93,6,1,0
BRDA:104,7,0,0
BRDA:104,7,1,0
BRDA:104,8,0,0
BRDA:104,8,1,0
BRDA:111,9,0,1
BRDA:111,9,1,0
BRDA:112,10,0,0
BRDA:112,10,1,0
BRDA:116,11,0,0
BRDA:116,11,1,1
BRDA:120,12,0,0
BRDA:120,12,1,1
BRDA:121,13,0,0
BRDA:121,13,1,1
BRDA:123,14,0,1
BRDA:123,14,1,0
BRDA:124,15,0,1
BRDA:124,15,1,0
BRDA:133,16,0,1
BRDA:133,16,1,0
BRDA:134,17,0,0
BRDA:134,17,1,0
BRDA:156,18,0,1
BRDA:156,18,1,0
BRDA:166,19,0,1
BRDA:166,19,1,0
BRDA:173,20,0,1
BRDA:173,20,1,0
BRDA:174,21,0,0
BRDA:174,21,1,0
BRDA:179,22,0,1
BRDA:179,22,1,1
BRDA:182,23,0,1
BRDA:182,23,1,0
BRDA:183,24,0,0
BRDA:183,24,1,0
BRDA:193,25,0,1
BRDA:193,25,1,1
BRDA:201,26,0,1
BRDA:201,26,1,1
BRDA:201,27,0,1
BRDA:201,27,1,0
BRDA:208,28,0,2
BRDA:208,28,1,1
BRDA:208,28,2,1
BRDA:229,29,0,1
BRDA:229,29,1,1
BRDA:233,30,0,1
BRDA:233,30,1,0
BRDA:243,31,0,0
BRDA:243,31,1,0
BRDA:276,32,0,1
BRDA:276,32,1,0
BRDA:278,33,0,1
BRDA:278,33,1,1
BRDA:281,34,0,1
BRDA:281,34,1,0
BRDA:282,35,0,0
BRDA:282,35,1,0
BRDA:294,36,0,1
BRDA:294,36,1,0
BRDA:295,37,0,0
BRDA:295,37,1,0
BRDA:301,38,0,0
BRDA:301,38,1,1
BRDA:311,39,0,0
BRDA:311,39,1,1
BRDA:327,40,0,1
BRDA:327,40,1,0
BRDA:337,41,0,1
BRDA:337,41,1,1
BRDA:340,42,0,1
BRDA:340,42,1,0
BRDA:341,43,0,0
BRDA:341,43,1,0
BRDA:349,44,0,1
BRDA:349,44,1,0
BRDA:350,45,0,0
BRDA:350,45,1,0
BRDA:358,46,0,1
BRDA:358,46,1,0
BRDA:362,47,0,1
BRDA:362,47,1,0
BRDA:363,48,0,0
BRDA:363,48,1,0
BRDA:378,49,0,1
BRDA:378,49,1,0
BRDA:379,50,0,0
BRDA:379,50,1,0
BRDA:391,51,0,1
BRDA:391,51,1,0
BRDA:392,52,0,0
BRDA:392,52,1,0
BRF:107
BRH:43
end_of_record
TN:
SF:src\index.js
FNF:0
FNH:0
DA:6,0
DA:7,0
LF:2
LH:0
BRF:0
BRH:0
end_of_record
TN:
SF:src\components\Dashboard.js
FN:25,(anonymous_0)
FN:31,(anonymous_1)
FN:32,(anonymous_2)
FN:68,(anonymous_3)
FN:71,(anonymous_4)
FN:72,(anonymous_5)
FN:73,(anonymous_6)
FN:83,(anonymous_7)
FN:141,(anonymous_8)
FN:157,(anonymous_9)
FN:170,(anonymous_10)
FN:176,(anonymous_11)
FN:184,(anonymous_12)
FN:309,(anonymous_13)
FN:309,(anonymous_14)
FN:309,(anonymous_15)
FN:320,(anonymous_16)
FN:322,(anonymous_17)
FN:335,(anonymous_18)
FN:346,(anonymous_19)
FN:346,(anonymous_20)
FN:347,(anonymous_21)
FN:347,(anonymous_22)
FNF:23
FNH:0
FNDA:0,(anonymous_0)
FNDA:0,(anonymous_1)
FNDA:0,(anonymous_2)
FNDA:0,(anonymous_3)
FNDA:0,(anonymous_4)
FNDA:0,(anonymous_5)
FNDA:0,(anonymous_6)
FNDA:0,(anonymous_7)
FNDA:0,(anonymous_8)
FNDA:0,(anonymous_9)
FNDA:0,(anonymous_10)
FNDA:0,(anonymous_11)
FNDA:0,(anonymous_12)
FNDA:0,(anonymous_13)
FNDA:0,(anonymous_14)
FNDA:0,(anonymous_15)
FNDA:0,(anonymous_16)
FNDA:0,(anonymous_17)
FNDA:0,(anonymous_18)
FNDA:0,(anonymous_19)
FNDA:0,(anonymous_20)
FNDA:0,(anonymous_21)
FNDA:0,(anonymous_22)
DA:25,1
DA:26,0
DA:27,0
DA:28,0
DA:31,0
DA:32,0
DA:33,0
DA:34,0
DA:36,0
DA:37,0
DA:38,0
DA:39,0
DA:42,0
DA:43,0
DA:44,0
DA:45,0
DA:47,0
DA:48,0
DA:50,0
DA:61,0
DA:64,0
DA:68,0
DA:69,0
DA:71,0
DA:72,0
DA:73,0
DA:74,0
DA:80,0
DA:83,0
DA:90,0
DA:94,0
DA:96,0
DA:106,0
DA:111,0
DA:141,0
DA:157,0
DA:170,0
DA:176,0
DA:184,0
DA:309,0
DA:321,0
DA:323,0
DA:335,0
DA:346,0
DA:347,0
LF:45
LH:1
BRDA:36,0,0,0
BRDA:36,0,1,0
BRDA:36,1,0,0
BRDA:36,1,1,0
BRDA:37,2,0,0
BRDA:37,2,1,0
BRDA:37,3,0,0
BRDA:37,3,1,0
BRDA:43,4,0,0
BRDA:43,4,1,0
BRDA:43,5,0,0
BRDA:43,5,1,0
BRDA:43,6,0,0
BRDA:43,6,1,0
BRDA:43,7,0,0
BRDA:43,7,1,0
BRDA:44,8,0,0
BRDA:44,8,1,0
BRDA:44,9,0,0
BRDA:44,9,1,0
BRDA:55,10,0,0
BRDA:55,10,1,0
BRDA:55,11,0,0
BRDA:55,11,1,0
BRDA:57,12,0,0
BRDA:57,12,1,0
BRDA:69,13,0,0
BRDA:69,13,1,0
BRDA:69,13,2,0
BRDA:73,14,0,0
BRDA:73,14,1,0
BRDA:90,15,0,0
BRDA:90,15,1,0
BRDA:124,16,0,0
BRDA:124,16,1,0
BRDA:131,17,0,0
BRDA:131,17,1,0
BRDA:133,18,0,0
BRDA:133,18,1,0
BRDA:167,19,0,0
BRDA:167,19,1,0
BRDA:170,20,0,0
BRDA:170,20,1,0
BRDA:180,21,0,0
BRDA:180,21,1,0
BRDA:206,22,0,0
BRDA:206,22,1,0
BRDA:207,23,0,0
BRDA:207,23,1,0
BRDA:208,24,0,0
BRDA:208,24,1,0
BRDA:216,25,0,0
BRDA:216,25,1,0
BRDA:218,26,0,0
BRDA:218,26,1,0
BRDA:222,27,0,0
BRDA:222,27,1,0
BRDA:224,28,0,0
BRDA:224,28,1,0
BRDA:226,29,0,0
BRDA:226,29,1,0
BRDA:246,30,0,0
BRDA:246,30,1,0
BRDA:249,31,0,0
BRDA:249,31,1,0
BRDA:250,32,0,0
BRDA:250,32,1,0
BRDA:267,33,0,0
BRDA:267,33,1,0
BRDA:273,34,0,0
BRDA:273,34,1,0
BRDA:279,35,0,0
BRDA:279,35,1,0
BRDA:303,36,0,0
BRDA:303,36,1,0
BRDA:320,37,0,0
BRDA:320,37,1,0
BRDA:321,38,0,0
BRDA:321,38,1,0
BRDA:322,39,0,0
BRDA:322,39,1,0
BRDA:323,40,0,0
BRDA:323,40,1,0
BRDA:346,41,0,0
BRDA:346,41,1,0
BRF:85
BRH:0
end_of_record
TN:
SF:src\components\EnergyPredictor.js
FN:23,(anonymous_0)
FN:49,(anonymous_1)
FN:90,(anonymous_2)
FN:119,(anonymous_3)
FN:121,(anonymous_4)
FN:129,(anonymous_5)
FN:150,(anonymous_6)
FN:157,(anonymous_7)
FN:247,(anonymous_8)
FN:253,(anonymous_9)
FN:275,(anonymous_10)
FN:275,(anonymous_11)
FN:290,(anonymous_12)
FN:290,(anonymous_13)
FN:300,(anonymous_14)
FN:306,(anonymous_15)
FN:306,(anonymous_16)
FN:357,(anonymous_17)
FN:386,(anonymous_18)
FN:386,(anonymous_19)
FN:394,(anonymous_20)
FN:394,(anonymous_21)
FN:402,(anonymous_22)
FN:402,(anonymous_23)
FN:439,(anonymous_24)
FN:439,(anonymous_25)
FN:454,(anonymous_26)
FN:454,(anonymous_27)
FN:464,(anonymous_28)
FN:470,(anonymous_29)
FN:470,(anonymous_30)
FNF:31
FNH:4
FNDA:1,(anonymous_0)
FNDA:0,(anonymous_1)
FNDA:0,(anonymous_2)
FNDA:0,(anonymous_3)
FNDA:0,(anonymous_4)
FNDA:0,(anonymous_5)
FNDA:1,(anonymous_6)
FNDA:1,(anonymous_7)
FNDA:0,(anonymous_8)
FNDA:0,(anonymous_9)
FNDA:0,(anonymous_10)
FNDA:0,(anonymous_11)
FNDA:0,(anonymous_12)
FNDA:0,(anonymous_13)
FNDA:0,(anonymous_14)
FNDA:0,(anonymous_15)
FNDA:0,(anonymous_16)
FNDA:0,(anonymous_17)
FNDA:0,(anonymous_18)
FNDA:0,(anonymous_19)
FNDA:0,(anonymous_20)
FNDA:0,(anonymous_21)
FNDA:0,(anonymous_22)
FNDA:0,(anonymous_23)
FNDA:0,(anonymous_24)
FNDA:0,(anonymous_25)
FNDA:0,(anonymous_26)
FNDA:0,(anonymous_27)
FNDA:7,(anonymous_28)
FNDA:0,(anonymous_29)
FNDA:0,(anonymous_30)
DA:23,1
DA:24,1
DA:33,1
DA:34,1
DA:35,1
DA:36,1
DA:39,1
DA:46,1
DA:49,1
DA:50,0
DA:52,0
DA:69,0
DA:70,0
DA:71,0
DA:86,0
DA:90,0
DA:92,0
DA:93,0
DA:94,0
DA:96,0
DA:97,0
DA:98,0
DA:99,0
DA:101,0
DA:102,0
DA:104,0
DA:119,1
DA:120,0
DA:121,0
DA:122,0
DA:123,0
DA:129,1
DA:130,0
DA:131,0
DA:132,0
DA:134,0
DA:135,0
DA:136,0
DA:138,0
DA:139,0
DA:141,0
DA:144,0
DA:146,0
DA:150,1
DA:151,1
DA:152,1
DA:153,1
DA:154,0
DA:157,1
DA:158,1
DA:159,1
DA:160,1
DA:161,0
DA:164,1
DA:248,0
DA:253,0
DA:275,0
DA:290,0
DA:301,0
DA:306,0
DA:357,0
DA:386,0
DA:394,0
DA:402,0
DA:439,0
DA:454,0
DA:465,7
DA:470,0
LF:68
LH:21
BRDA:59,0,0,0
BRDA:59,0,1,0
BRDA:60,1,0,0
BRDA:60,1,1,0
BRDA:61,2,0,0
BRDA:61,2,1,0
BRDA:65,3,0,0
BRDA:65,3,1,0
BRDA:69,4,0,0
BRDA:69,4,1,0
BRDA:74,5,0,0
BRDA:74,5,1,0
BRDA:78,6,0,0
BRDA:78,6,1,0
BRDA:78,7,0,0
BRDA:78,7,1,0
BRDA:79,8,0,0
BRDA:79,8,1,0
BRDA:80,9,0,0
BRDA:80,9,1,0
BRDA:93,10,0,0
BRDA:93,10,1,0
BRDA:93,11,0,0
BRDA:93,11,1,0
BRDA:93,12,0,0
BRDA:93,12,1,0
BRDA:93,13,0,0
BRDA:93,13,1,0
BRDA:94,14,0,0
BRDA:94,14,1,0
BRDA:95,15,0,0
BRDA:95,15,1,0
BRDA:96,16,0,0
BRDA:96,16,1,0
BRDA:97,17,0,0
BRDA:97,17,1,0
BRDA:98,18,0,0
BRDA:98,18,1,0
BRDA:99,19,0,0
BRDA:99,19,1,0
BRDA:120,20,0,0
BRDA:120,20,1,0
BRDA:120,21,0,0
BRDA:120,21,1,0
BRDA:138,22,0,0
BRDA:138,22,1,0
BRDA:151,23,0,0
BRDA:151,23,1,1
BRDA:151,24,0,1
BRDA:151,24,1,1
BRDA:152,25,0,0
BRDA:152,25,1,1
BRDA:152,26,0,1
BRDA:152,26,1,1
BRDA:153,27,0,1
BRDA:153,27,1,0
BRDA:153,28,0,1
BRDA:153,28,1,1
BRDA:158,29,0,0
BRDA:158,29,1,1
BRDA:159,30,0,0
BRDA:159,30,1,1
BRDA:160,31,0,1
BRDA:160,31,1,0
BRDA:183,32,0,0
BRDA:183,32,1,1
BRDA:188,33,0,0
BRDA:188,33,1,1
BRDA:192,34,0,0
BRDA:192,34,1,0
BRDA:199,35,0,0
BRDA:199,35,1,0
BRDA:215,36,0,0
BRDA:215,36,1,0
BRDA:235,37,0,0
BRDA:235,37,1,0
BRDA:304,38,0,0
BRDA:304,38,1,0
BRDA:320,39,0,0
BRDA:320,39,1,0
BRDA:326,40,0,0
BRDA:326,40,1,0
BRDA:365,41,0,0
BRDA:365,41,1,0
BRDA:373,42,0,0
BRDA:373,42,1,0
BRDA:417,43,0,1
BRDA:417,43,1,0
BRDA:468,44,0,1
BRDA:468,44,1,6
BRDA:483,45,0,1
BRDA:483,45,1,0
BRDA:489,46,0,0
BRDA:489,46,1,1
BRDA:522,47,0,1
BRDA:522,47,1,0
BRDA:529,48,0,0
BRDA:529,48,1,0
BRDA:553,49,0,1
BRDA:553,49,1,0
BRF:100
BRH:21
end_of_record
TN:
SF:src\components\MobileNav.js
FN:5,(anonymous_0)
FN:19,(anonymous_1)
FN:26,(anonymous_2)
FNF:3
FNH:0
FNDA:0,(anonymous_0)
FNDA:0,(anonymous_1)
FNDA:0,(anonymous_2)
DA:5,1
DA:6,0
DA:20,0
DA:21,0
DA:23,0
DA:27,0
DA:28,0
LF:7
LH:1
BRDA:10,0,0,0
BRDA:10,0,1,0
BRDA:11,1,0,0
BRDA:11,1,1,0
BRDA:32,2,0,0
BRDA:32,2,1,0
BRDA:33,3,0,0
BRDA:33,3,1,0
BRDA:34,4,0,0
BRDA:34,4,1,0
BRDA:37,5,0,0
BRDA:37,5,1,0
BRDA:38,6,0,0
BRDA:38,6,1,0
BRDA:46,7,0,0
BRDA:46,7,1,0
BRDA:46,7,2,0
BRDA:58,8,0,0
BRDA:58,8,1,0
BRDA:63,9,0,0
BRDA:63,9,1,0
BRDA:63,9,2,0
BRDA:67,10,0,0
BRDA:67,10,1,0
BRDA:67,10,2,0
BRDA:81,11,0,0
BRDA:81,11,1,0
BRDA:81,11,2,0
BRDA:87,12,0,0
BRDA:87,12,1,0
BRDA:91,13,0,0
BRDA:91,13,1,0
BRDA:92,14,0,0
BRDA:92,14,1,0
BRDA:109,15,0,0
BRDA:109,15,1,0
BRDA:111,16,0,0
BRDA:111,16,1,0
BRF:38
BRH:0
end_of_record
TN:
SF:src\components\ui\button.js
FN:42,(anonymous_0)
FN:55,(anonymous_1)
FNF:2
FNH:1
FNDA:11,(anonymous_0)
FNDA:0,(anonymous_1)
DA:7,1
DA:42,1
DA:53,11
DA:55,11
DA:56,0
DA:57,0
DA:61,11
DA:71,11
DA:73,11
DA:83,1
LF:10
LH:8
BRDA:46,0,0,11
BRDA:47,1,0,10
BRDA:48,2,0,11
BRDA:53,3,0,0
BRDA:53,3,1,11
BRDA:57,4,0,0
BRDA:57,4,1,0
BRDA:71,5,0,0
BRDA:71,5,1,11
BRF:9
BRH:5
end_of_record
TN:
SF:src\components\ui\card.js
FN:5,(anonymous_0)
FN:47,(anonymous_1)
FN:56,(anonymous_2)
FN:68,(anonymous_3)
FN:77,(anonymous_4)
FN:82,(anonymous_5)
FNF:6
FNH:4
FNDA:2,(anonymous_0)
FNDA:2,(anonymous_1)
FNDA:2,(anonymous_2)
FNDA:0,(anonymous_3)
FNDA:2,(anonymous_4)
FNDA:0,(anonymous_5)
DA:5,1
DA:13,2
DA:22,2
DA:31,2
DA:33,2
DA:45,1
DA:47,1
DA:48,2
DA:54,1
DA:56,1
DA:57,2
DA:66,1
DA:68,1
DA:69,0
DA:75,1
DA:77,1
DA:78,2
DA:80,1
DA:82,1
DA:83,0
DA:89,1
LF:21
LH:19
BRDA:7,0,0,0
BRDA:8,1,0,2
BRDA:9,2,0,2
BRDA:31,3,0,0
BRDA:31,3,1,2
BRDA:38,4,0,2
BRDA:38,4,1,0
BRF:7
BRH:4
end_of_record
TN:
SF:src\components\ui\slider.js
FN:6,(anonymous_0)
FN:23,(anonymous_1)
FNF:2
FNH:1
FNDA:2,(anonymous_0)
FNDA:0,(anonymous_1)
DA:6,1
DA:15,2
DA:17,2
DA:23,2
DA:24,0
DA:25,0
DA:26,0
DA:29,2
DA:74,1
LF:9
LH:6
BRDA:8,0,0,2
BRDA:9,1,0,2
BRDA:10,2,0,2
BRDA:12,3,0,0
BRDA:15,4,0,2
BRDA:15,4,1,0
BRDA:15,4,2,0
BRDA:25,5,0,0
BRDA:25,5,1,0
BRDA:26,6,0,0
BRDA:26,6,1,0
BRDA:31,7,0,2
BRDA:31,7,1,2
BRDA:36,8,0,2
BRDA:36,8,1,2
BRDA:68,9,0,2
BRDA:68,9,1,1
BRDA:69,10,0,2
BRDA:69,10,1,0
BRF:19
BRH:11
end_of_record
TN:
SF:src\lib\utils.js
FN:4,cn
FN:9,(anonymous_1)
FN:28,(anonymous_2)
FN:33,(anonymous_3)
FN:39,(anonymous_4)
FNF:5
FNH:2
FNDA:42,cn
FNDA:0,(anonymous_1)
FNDA:1,(anonymous_2)
FNDA:0,(anonymous_3)
FNDA:0,(anonymous_4)
DA:5,42
DA:9,1
DA:10,0
DA:11,0
DA:13,0
DA:14,0
DA:16,0
DA:17,0
DA:19,0
DA:20,0
DA:22,0
DA:28,1
DA:29,1
DA:30,1
DA:33,1
DA:34,0
DA:35,0
DA:39,1
DA:40,0
DA:42,0
DA:44,0
DA:46,0
DA:51,1
DA:57,1
DA:62,1
DA:67,1
LF:26
LH:11
BRDA:9,0,0,0
BRDA:10,1,0,0
BRDA:10,1,1,0
BRDA:10,2,0,0
BRDA:10,2,1,0
BRDA:11,3,0,0
BRDA:11,3,1,0
BRDA:11,3,2,0
BRDA:11,3,3,0
BRDA:29,4,0,0
BRDA:29,4,1,1
BRDA:34,5,0,0
BRDA:34,5,1,0
BRDA:35,6,0,0
BRDA:35,6,1,0
BRDA:39,7,0,0
BRDA:40,8,0,0
BRDA:40,8,1,0
BRDA:40,8,2,0
BRF:19
BRH:1
end_of_record
